[0;34m[INFO][0m 2026-01-29 22:02:21 : Starting creator.sh
[0;34m[INFO][0m 2026-01-29 22:02:21 : Using managed_repo_path: /root/git/managed
[0;34m[INFO][0m 2026-01-29 22:02:21 : Using managed_repo_task_path: /root/git/repo_task_path
[0;34m[INFO][0m 2026-01-29 22:02:21 : Updating repository with git pull...
hint: Pulling without specifying how to reconcile divergent branches is
hint: discouraged. You can squelch this message by running one of the following
hint: commands sometime before your next pull:
hint: 
hint:   git config pull.rebase false  # merge (the default strategy)
hint:   git config pull.rebase true   # rebase
hint:   git config pull.ff only       # fast-forward only
hint: 
hint: You can replace "git config" with "git config --global" to set a default
hint: preference for all repositories. You can also pass --rebase, --no-rebase,
hint: or --ff-only on the command line to override the configured default per
hint: invocation.
Already up to date.
[0;32m[SUCCESS][0m 2026-01-29 22:02:22 : Repository updated successfully
[0;34m[INFO][0m 2026-01-29 22:02:22 : Processing repository: Auto-slopp
[0;34m[INFO][0m 2026-01-29 22:02:22 : Task directory already exists: /root/git/repo_task_path/Auto-slopp
[0;34m[INFO][0m 2026-01-29 22:02:22 : Processing repository: BrueterApp
[0;34m[INFO][0m 2026-01-29 22:02:22 : Task directory already exists: /root/git/repo_task_path/BrueterApp
[0;34m[INFO][0m 2026-01-29 22:02:22 : Processing repository: job_scraper
[0;34m[INFO][0m 2026-01-29 22:02:22 : Task directory already exists: /root/git/repo_task_path/job_scraper
[0;34m[INFO][0m 2026-01-29 22:02:22 : Committing new task directories...
