[0;34m[INFO][0m 2026-01-29 22:02:23 : Starting implementer.sh
[0;34m[INFO][0m 2026-01-29 22:02:23 : Using managed_repo_path: /root/git/managed
[0;34m[INFO][0m 2026-01-29 22:02:23 : Implementing tasks for: Auto-slopp
Already on 'ai'
M	logs/.log
M	logs/creator.sh.log
M	logs/creator.sh_20260129_220221.log
Your branch is up to date with 'origin/ai'.
HEAD is now at 664e37f Add task directories for repositories by creator.sh
[0;34m[INFO][0m 2026-01-29 22:02:25 : Using opencode CLI to find and implement next ready task
[91m[1m| [0m[90m Bash     [0mFind available ready tasks in beads system

[
  {
    "id": "Auto-3fi",
    "title": "Implement stdout capture mechanism",
    "status": "in_progress",
    "priority": 0,
    "issue_type": "task",
    "owner": "70433111+MelvinKl@users.noreply.github.com",
    "created_at": "2026-01-29T12:07:44.665696751Z",
    "created_by": "Melvin Klein",
    "updated_at": "2026-01-29T22:01:16.072528593Z"
  },
  {
    "id": "Auto-qx6",
    "title": "Research repository structure and update mechanisms",
    "description": "Research and analyze the current Auto-slopp repository structure to understand:\n\n1. Current update mechanisms (examine updater.sh and related scripts)\n2. Git workflow and branching strategies\n3. Configuration system (config.yaml structure)\n4. Error handling patterns in existing scripts\n5. Logging mechanisms used across the system\n6. Integration points with main.sh automation cycle\n\nThis research will inform the design of the new auto-update-reboot functionality and ensure it integrates seamlessly with the existing system architecture.",
    "status": "open",
    "priority": 1,
    "issue_type": "task",
    "owner": "70433111+MelvinKl@users.noreply.github.com",
    "created_at": "2026-01-29T11:48:58.581209818Z",
    "created_by": "Melvin Klein",
    "updated_at": "2026-01-29T11:52:14.966916571Z"
  },
  {
    "id": "Auto-slopp-kee",
    "title": "Fix git push rejection in creator.sh - remote contains work not available locally",
    "description": "The creator.sh script is failing with a git push rejection error. The remote contains work that is not available locally, causing the push to be rejected.\n\nError details:\n- Script: creator.sh at line 96\n- Error: Git command failed with exit code 1 during push operation\n- Git message: 'Updates were rejected because the remote contains work that you do not have locally'\n- Suggested fix: Need to integrate remote changes (e.g., 'git pull ...') before pushing again\n\nThe script attempts to commit and push task directories but fails because it doesn't handle the case where the remote has changes that need to be pulled first.",
    "status": "in_progress",
    "priority": 2,
    "issue_type": "bug",
    "owner": "70433111+MelvinKl@users.noreply.github.com",
    "created_at": "2026-01-29T09:57:08.484906664Z",
    "created_by": "Melvin Klein",
    "updated_at": "2026-01-29T09:57:30.650989174Z"
  },
  {
    "id": "Auto-gpc",
    "title": "Create comprehensive project documentation and README",
    "description": "The Auto-slopp project lacks comprehensive documentation. Users need a clear README that explains:\\n\\n1. Project overview and purpose\\n2. Installation and setup requirements\\n3. Configuration of config.yaml\\n4. How to run individual scripts\\n5. How the automation workflow works\\n6. Troubleshooting common issues\\n7. Development guidelines\\n\\nThis will make the project accessible to new users and provide a complete reference for all functionality.",
    "status": "in_progress",
    "priority": 2,
    "issue_type": "feature",
    "owner": "70433111+MelvinKl@users.noreply.github.com",
    "created_at": "2026-01-29T11:16:12.864894534Z",
    "created_by": "Melvin Klein",
    "updated_at": "2026-01-29T11:17:24.965034294Z"
  },
  {
    "id": "Auto-slopp-5lq",
    "title": "Create test suite for all scripts",
    "status": "in_progress",
    "priority": 3,
    "issue_type": "task",
    "created_at": "2026-01-28T15:00:57.36580069Z",
    "created_by": "root",
    "updated_at": "2026-01-29T08:57:12.869557902Z"
  }
]


I'll help you find and implement the next ready bead task. Let me start by checking what tasks are available using the beads CLI.
[91m[1m| [0m[90m Bash     [0mGet details for the research repository structure task

[
  {
    "id": "Auto-qx6",
    "title": "Research repository structure and update mechanisms",
    "description": "Research and analyze the current Auto-slopp repository structure to understand:\n\n1. Current update mechanisms (examine updater.sh and related scripts)\n2. Git workflow and branching strategies\n3. Configuration system (config.yaml structure)\n4. Error handling patterns in existing scripts\n5. Logging mechanisms used across the system\n6. Integration points with main.sh automation cycle\n\nThis research will inform the design of the new auto-update-reboot functionality and ensure it integrates seamlessly with the existing system architecture.",
    "status": "open",
    "priority": 1,
    "issue_type": "task",
    "owner": "70433111+MelvinKl@users.noreply.github.com",
    "created_at": "2026-01-29T11:48:58.581209818Z",
    "created_by": "Melvin Klein",
    "updated_at": "2026-01-29T11:52:14.966916571Z",
    "dependents": [
      {
        "id": "Auto-9e1",
        "title": "Design auto-update script architecture and workflow",
        "description": "Design the architecture and workflow for the auto-update-reboot script. This includes:\n\n1. Script placement and naming convention within the scripts/ directory\n2. Integration approach with existing config.yaml system\n3. Decision flow: git pull -\u003e change detection -\u003e conditional reboot\n4. Safety mechanisms to prevent reboot loops\n5. Logging strategy that aligns with existing patterns\n6. Error recovery procedures\n7. Configuration parameters for:\n   - Enable/disable auto-reboot\n   - Reboot delay/timing\n   - Exclusion conditions\n   - Notification requirements\n\nThe design should follow existing patterns in the codebase and be documented in a way that allows for easy maintenance and modification.",
        "status": "open",
        "priority": 1,
        "issue_type": "feature",
        "owner": "70433111+MelvinKl@users.noreply.github.com",
        "created_at": "2026-01-29T11:49:03.097707806Z",
        "created_by": "Melvin Klein",
        "updated_at": "2026-01-29T11:52:24.304431539Z",
        "dependency_type": "blocks"
      }
    ]
  }
]


I see there are several tasks available. Let me check the details of the open task that's ready to work on:

Perfect! I found a ready task: `Auto-qx6` - "Research repository structure and update mechanisms". This is an open task with priority 1 that has no dependencies blocking it. Let me claim this task and start working on it.
[91m[1m| [0m[90m Bash     [0mMark the research task as in progress

[
  {
    "id": "Auto-qx6",
    "title": "Research repository structure and update mechanisms",
    "description": "Research and analyze the current Auto-slopp repository structure to understand:\n\n1. Current update mechanisms (examine updater.sh and related scripts)\n2. Git workflow and branching strategies\n3. Configuration system (config.yaml structure)\n4. Error handling patterns in existing scripts\n5. Logging mechanisms used across the system\n6. Integration points with main.sh automation cycle\n\nThis research will inform the design of the new auto-update-reboot functionality and ensure it integrates seamlessly with the existing system architecture.",
    "status": "in_progress",
    "priority": 1,
    "issue_type": "task",
    "owner": "70433111+MelvinKl@users.noreply.github.com",
    "created_at": "2026-01-29T11:48:58.581209818Z",
    "created_by": "Melvin Klein",
    "updated_at": "2026-01-29T22:02:39.780717315Z"
  }
]

[91m[1m| [0m[90m Bash     [0mFind shell scripts in the repository

./main.sh
./config.sh
./scripts/planner.sh
./scripts/updater.sh
./scripts/implementer.sh
./scripts/update_fixer.sh
./scripts/creator.sh
./scripts/utils.sh
./scripts/yaml_config.sh
./tests/test_suite.sh


Now let me research the repository structure and update mechanisms. I'll start by exploring the project structure:
[91m[1m| [0m[90m Bash     [0mList top-level directory structure

total 84
drwxr-xr-x 8 root root  4096 Jan 29 13:50 .
drwxr-xr-x 5 root root  4096 Jan 29 15:59 ..
drwx------ 3 root root  4096 Jan 29 22:02 .beads
drwxr-xr-x 8 root root  4096 Jan 29 22:02 .git
-rw-r--r-- 1 root root    70 Jan 28 19:24 .gitattributes
-rw-r--r-- 1 root root  1327 Jan 28 19:24 AGENTS.md
-rw-r--r-- 1 root root  1943 Jan 28 19:24 Description
-rw-r--r-- 1 root root   502 Jan 29 09:08 Makefile
-rw-r--r-- 1 root root 16774 Jan 29 11:21 README.md
-rwxr-xr-x 1 root root   361 Jan 28 19:24 config.sh
-rw-r--r-- 1 root root   545 Jan 29 13:24 config.yaml
drwxr-xr-x 2 root root  4096 Jan 29 09:08 docs
drwxr-xr-x 2 root root  4096 Jan 29 22:02 logs
-rwxr-xr-x 1 root root  1605 Jan 29 22:02 main.sh
-rw-r--r-- 1 root root    96 Jan 28 19:24 opencode.json
drwxr-xr-x 2 root root  4096 Jan 29 12:39 scripts
drwxr-xr-x 2 root root  4096 Jan 29 11:04 tests


